<?xml version="1.0" encoding="UTF-8"?>
<!-- Generated by org.testng.reporters.JUnitReportReporter -->
<testsuite hostname="Devendra" failures="0" tests="4" name="Testcases.TC_003LoginDDT" time="27.445" errors="0" timestamp="2025-02-21T00:59:16 CET" skipped="0">
  <testcase classname="Testcases.TC_003LoginDDT" name="verify_loginDDT" time="2.324"/>
  <testcase classname="Testcases.TC_003LoginDDT" name="verify_loginDDT" time="11.258"/>
  <testcase classname="Testcases.TC_003LoginDDT" name="verify_loginDDT" time="11.592"/>
  <testcase classname="Testcases.TC_003LoginDDT" name="verify_loginDDT" time="2.271"/>
</testsuite> <!-- Testcases.TC_003LoginDDT -->
