<?xml version="1.0" encoding="UTF-8"?>
<!-- Generated by org.testng.reporters.JUnitReportReporter -->
<testsuite hostname="Devendra" failures="0" tests="1" name="Testcases.TC_001AccountRegistration" time="2.351" errors="0" timestamp="2025-02-24T01:10:02 CET" skipped="0">
  <testcase classname="Testcases.TC_001AccountRegistration" name="verify_account_reg" time="2.351"/>
</testsuite> <!-- Testcases.TC_001AccountRegistration -->
