<?xml version="1.0" encoding="UTF-8"?>
<!-- Generated by org.testng.reporters.JUnitReportReporter -->
<testsuite hostname="Devendra" failures="0" tests="1" name="Testcases.TC_002Loginpage" time="1.861" errors="0" timestamp="2025-02-24T20:09:59 CET" skipped="0">
  <testcase classname="Testcases.TC_002Loginpage" name="verify_loginpage" time="1.861"/>
</testsuite> <!-- Testcases.TC_002Loginpage -->
